<?xml version="1.0" encoding="UTF-8"?>
<!-- Generated by org.testng.reporters.JUnitReportReporter -->
<testsuite hostname="LAPTOP-6MELK31E" failures="0" tests="1" name="TestAutomationPractice.SVG" time="61.842" errors="0" timestamp="2025-06-19T10:16:30 IST" skipped="0">
  <testcase classname="TestAutomationPractice.SVG" name="svg" time="61.842"/>
</testsuite> <!-- TestAutomationPractice.SVG -->
