<?xml version="1.0" encoding="UTF-8"?>
<!-- Generated by org.testng.reporters.JUnitReportReporter -->
<testsuite hostname="LAPTOP-6MELK31E" failures="0" tests="1" name="Techion.FirstSet" time="0.014" errors="0" timestamp="2025-06-06T13:26:10 IST" skipped="0">
  <testcase classname="Techion.FirstSet" name="largestNums" time="0.014"/>
</testsuite> <!-- Techion.FirstSet -->
