<?xml version="1.0" encoding="UTF-8"?>
<!-- Generated by org.testng.reporters.JUnitReportReporter -->
<testsuite hostname="LAPTOP-6MELK31E" failures="0" tests="1" name="Ahi.Scenarios" time="180.173" errors="0" timestamp="2025-06-12T18:19:29 IST" skipped="0">
  <testcase classname="Ahi.Scenarios" name="worldOmeter" time="180.173"/>
</testsuite> <!-- Ahi.Scenarios -->
