<?xml version="1.0" encoding="UTF-8"?>
<!-- Generated by org.testng.reporters.JUnitReportReporter -->
<testsuite hostname="LAPTOP-6MELK31E" failures="0" tests="1" name="TestAutomationPractice.DropDown" time="12.700" errors="0" timestamp="2025-06-04T15:20:57 IST" skipped="0">
  <testcase classname="TestAutomationPractice.DropDown" name="dropDown" time="12.700"/>
</testsuite> <!-- TestAutomationPractice.DropDown -->
