<?xml version="1.0" encoding="UTF-8"?>
<!-- Generated by org.testng.reporters.JUnitReportReporter -->
<testsuite hostname="LAPTOP-6MELK31E" failures="0" tests="1" name="TestAutomationPractice.BrokenImg" time="27.063" errors="0" timestamp="2025-06-16T11:57:47 IST" skipped="0">
  <testcase classname="TestAutomationPractice.BrokenImg" name="brokenImg" time="27.063"/>
</testsuite> <!-- TestAutomationPractice.BrokenImg -->
