<?xml version="1.0" encoding="UTF-8"?>
<!-- Generated by org.testng.reporters.JUnitReportReporter -->
<testsuite hostname="LAPTOP-6MELK31E" failures="0" tests="1" name="Ahi.cricbuzz" time="185.369" errors="0" timestamp="2025-06-06T11:12:26 IST" skipped="0">
  <testcase classname="Ahi.cricbuzz" name="worldOmeter" time="185.369"/>
</testsuite> <!-- Ahi.cricbuzz -->
