<?xml version="1.0" encoding="UTF-8"?>
<!-- Generated by org.testng.reporters.JUnitReportReporter -->
<testsuite hostname="LAPTOP-6MELK31E" failures="0" tests="1" name="TestAutomationPractice.Autotest" time="14.586" errors="0" timestamp="2025-06-04T10:13:21 IST" skipped="0">
  <testcase classname="TestAutomationPractice.Autotest" name="Int" time="14.586"/>
</testsuite> <!-- TestAutomationPractice.Autotest -->
