<?xml version="1.0" encoding="UTF-8"?>
<!-- Generated by org.testng.reporters.JUnitReportReporter -->
<testsuite hostname="LAPTOP-6MELK31E" failures="0" tests="1" name="TestAutomationPractice.ColorScrolling" time="10.377" errors="0" timestamp="2025-06-04T15:49:34 IST" skipped="0">
  <testcase classname="TestAutomationPractice.ColorScrolling" name="Color" time="10.377"/>
</testsuite> <!-- TestAutomationPractice.ColorScrolling -->
