<?xml version="1.0" encoding="UTF-8"?>
<!-- Generated by org.testng.reporters.JUnitReportReporter -->
<testsuite hostname="LAPTOP-6MELK31E" failures="0" tests="1" name="WorldOmeter.GraphToolTip" time="77.700" errors="0" timestamp="2025-06-05T12:09:03 IST" skipped="0">
  <testcase classname="WorldOmeter.GraphToolTip" name="graphToolTip" time="77.700"/>
</testsuite> <!-- WorldOmeter.GraphToolTip -->
