<?xml version="1.0" encoding="UTF-8"?>
<!-- Generated by org.testng.reporters.JUnitReportReporter -->
<testsuite hostname="LAPTOP-6MELK31E" failures="0" tests="1" name="TestAutomationPractice.BrokenLink" time="55.581" errors="0" timestamp="2025-06-16T11:56:33 IST" skipped="0">
  <testcase classname="TestAutomationPractice.BrokenLink" name="brokenLink" time="55.581"/>
</testsuite> <!-- TestAutomationPractice.BrokenLink -->
