<?xml version="1.0" encoding="UTF-8"?>
<!-- Generated by org.testng.reporters.JUnitReportReporter -->
<testsuite hostname="LAPTOP-6MELK31E" failures="0" tests="1" name="Others.Flipkart_ReturnDataBackToExcel" time="49.686" errors="0" timestamp="2025-06-25T11:11:29 IST" skipped="0">
  <testcase classname="Others.Flipkart_ReturnDataBackToExcel" name="Amazon" time="49.686"/>
  <system-out/>
</testsuite> <!-- Others.Flipkart_ReturnDataBackToExcel -->
