<?xml version="1.0" encoding="UTF-8"?>
<!-- Generated by org.testng.reporters.JUnitReportReporter -->
<testsuite hostname="LAPTOP-6MELK31E" failures="0" tests="1" name="TestAutomationPractice.OpenShadowRoot" time="13.133" errors="0" timestamp="2025-06-04T10:17:17 IST" skipped="0">
  <testcase classname="TestAutomationPractice.OpenShadowRoot" name="openshadow" time="13.133"/>
</testsuite> <!-- TestAutomationPractice.OpenShadowRoot -->
