<?xml version="1.0" encoding="UTF-8"?>
<!-- Generated by org.testng.reporters.JUnitReportReporter -->
<testsuite hostname="LAPTOP-6MELK31E" failures="0" tests="1" name="Login.Autotest" time="32.089" errors="0" timestamp="2025-05-31T14:50:23 IST" skipped="0">
  <testcase classname="Login.Autotest" name="Int" time="32.089"/>
</testsuite> <!-- Login.Autotest -->
